Project_Result/ProjectResult/app/build/intermediates/manifest_merge_blame_file/debug/manifest-merger-blame-debug-report.txt
1<?xml version="1.0" encoding="utf-8"?>
2<manifest xmlns:android="http://schemas.android.com/apk/res/android"
3    package="com.example.projectresult"
4    android:versionCode="1"
5    android:versionName="1.0" >
6
7    <uses-sdk
8        android:minSdkVersion="23"
8-->src\main\AndroidManifest.xml
9        android:targetSdkVersion="29" />
9-->src\main\AndroidManifest.xml
10
11    <uses-permission android:name="android.permission.CAMERA" />
11-->src\main\AndroidManifest.xml:5:5-64
11-->src\main\AndroidManifest.xml:5:22-62
12
13    <uses-feature android:name="android.hardware.camera" />
13-->src\main\AndroidManifest.xml:6:5-59
13-->src\main\AndroidManifest.xml:6:19-57
14    <uses-feature android:name="android.hardware.camera.autofocus" />
14-->src\main\AndroidManifest.xml:7:5-69
14-->src\main\AndroidManifest.xml:7:19-67
15
16    <uses-permission android:name="android.permission.WRITE_EXTERNAL_STORAGE" />
16-->src\main\AndroidManifest.xml:8:5-80
16-->src\main\AndroidManifest.xml:8:22-78
17    <uses-permission android:name="android.permission.READ_EXTERNAL_STORAGE" />
17-->src\main\AndroidManifest.xml:9:5-79
17-->src\main\AndroidManifest.xml:9:22-77
18    <uses-permission android:name="android.permission.INTERNET" />
18-->src\main\AndroidManifest.xml:10:5-66
18-->src\main\AndroidManifest.xml:10:22-64
19    <uses-permission android:name="android.permission.ACCESS_NETWORK_STATE" />
19-->[com.google.firebase:firebase-config:19.0.2] AndroidManifest.xml:25:5-79
19-->[com.google.firebase:firebase-config:19.0.2] AndroidManifest.xml:25:22-76
20    <uses-permission android:name="android.permission.WAKE_LOCK" /> <!-- Required by older versions of Google Play services to create IID tokens -->
20-->[com.google.android.gms:play-services-measurement-api:17.2.0] AndroidManifest.xml:24:5-68
20-->[com.google.android.gms:play-services-measurement-api:17.2.0] AndroidManifest.xml:24:22-65
21    <uses-permission android:name="com.google.android.c2dm.permission.RECEIVE" />
21-->[com.google.firebase:firebase-iid:19.0.0] AndroidManifest.xml:26:5-82
21-->[com.google.firebase:firebase-iid:19.0.0] AndroidManifest.xml:26:22-79
22    <uses-permission android:name="com.google.android.finsky.permission.BIND_GET_INSTALL_REFERRER_SERVICE" />
22-->[com.google.android.gms:play-services-measurement:17.2.0] AndroidManifest.xml:26:5-110
22-->[com.google.android.gms:play-services-measurement:17.2.0] AndroidManifest.xml:26:22-107
23
24    <application
24-->src\main\AndroidManifest.xml:12:5-28:19
25        android:allowBackup="true"
25-->src\main\AndroidManifest.xml:13:9-35
26        android:appComponentFactory="androidx.core.app.CoreComponentFactory"
26-->[androidx.core:core:1.1.0] AndroidManifest.xml:24:18-86
27        android:debuggable="true"
28        android:icon="@mipmap/ic_launcher"
28-->src\main\AndroidManifest.xml:14:9-43
29        android:label="@string/app_name"
29-->src\main\AndroidManifest.xml:15:9-41
30        android:roundIcon="@mipmap/ic_launcher_round"
30-->src\main\AndroidManifest.xml:16:9-54
31        android:supportsRtl="true"
31-->src\main\AndroidManifest.xml:17:9-35
32        android:testOnly="true"
33        android:theme="@style/AppTheme" >
33-->src\main\AndroidManifest.xml:18:9-40
34        <activity
34-->src\main\AndroidManifest.xml:19:9-27:20
35            android:name="com.example.projectresult.MainActivity"
35-->src\main\AndroidManifest.xml:20:13-41
36            android:label="@string/app_name" >
36-->src\main\AndroidManifest.xml:21:13-45
37            <intent-filter>
37-->src\main\AndroidManifest.xml:22:13-26:29
38                <action android:name="android.intent.action.MAIN" />
38-->src\main\AndroidManifest.xml:23:17-69
38-->src\main\AndroidManifest.xml:23:25-66
39
40                <category android:name="android.intent.category.LAUNCHER" />
40-->src\main\AndroidManifest.xml:25:17-77
40-->src\main\AndroidManifest.xml:25:27-74
41            </intent-filter>
42        </activity>
43
44        <service
44-->[com.google.firebase:firebase-config:19.0.2] AndroidManifest.xml:29:9-35:19
45            android:name="com.google.firebase.components.ComponentDiscoveryService"
45-->[com.google.firebase:firebase-config:19.0.2] AndroidManifest.xml:30:13-84
46            android:directBootAware="true"
46-->[com.google.firebase:firebase-common:19.1.0] AndroidManifest.xml:14:13-43
47            android:exported="false" >
47-->[com.google.firebase:firebase-config:19.0.2] AndroidManifest.xml:31:13-37
48            <meta-data
48-->[com.google.firebase:firebase-config:19.0.2] AndroidManifest.xml:32:13-34:85
49                android:name="com.google.firebase.components:com.google.firebase.remoteconfig.RemoteConfigRegistrar"
49-->[com.google.firebase:firebase-config:19.0.2] AndroidManifest.xml:33:17-117
50                android:value="com.google.firebase.components.ComponentRegistrar" />
50-->[com.google.firebase:firebase-config:19.0.2] AndroidManifest.xml:34:17-82
51            <meta-data
51-->[com.google.firebase:firebase-auth:19.0.0] AndroidManifest.xml:36:13-38:85
52                android:name="com.google.firebase.components:com.google.firebase.auth.FirebaseAuthRegistrar"
52-->[com.google.firebase:firebase-auth:19.0.0] AndroidManifest.xml:37:17-109
53                android:value="com.google.firebase.components.ComponentRegistrar" />
53-->[com.google.firebase:firebase-auth:19.0.0] AndroidManifest.xml:38:17-82
54            <meta-data
54-->[com.google.firebase:firebase-database:18.0.0] AndroidManifest.xml:30:13-32:85
55                android:name="com.google.firebase.components:com.google.firebase.database.DatabaseRegistrar"
55-->[com.google.firebase:firebase-database:18.0.0] AndroidManifest.xml:31:17-109
56                android:value="com.google.firebase.components.ComponentRegistrar" />
56-->[com.google.firebase:firebase-database:18.0.0] AndroidManifest.xml:32:17-82
57            <meta-data
57-->[com.google.firebase:firebase-storage:19.1.0] AndroidManifest.xml:33:13-35:85
58                android:name="com.google.firebase.components:com.google.firebase.storage.StorageRegistrar"
58-->[com.google.firebase:firebase-storage:19.1.0] AndroidManifest.xml:34:17-107
59                android:value="com.google.firebase.components.ComponentRegistrar" />
59-->[com.google.firebase:firebase-storage:19.1.0] AndroidManifest.xml:35:17-82
60            <meta-data
60-->[com.google.firebase:firebase-firestore:21.1.1] AndroidManifest.xml:20:13-22:85
61                android:name="com.google.firebase.components:com.google.firebase.firestore.FirestoreRegistrar"
61-->[com.google.firebase:firebase-firestore:21.1.1] AndroidManifest.xml:21:17-111
62                android:value="com.google.firebase.components.ComponentRegistrar" />
62-->[com.google.firebase:firebase-firestore:21.1.1] AndroidManifest.xml:22:17-82
63            <meta-data
63-->[com.google.android.gms:play-services-measurement-api:17.2.0] AndroidManifest.xml:30:13-32:85
64                android:name="com.google.firebase.components:com.google.firebase.analytics.connector.internal.AnalyticsConnectorRegistrar"
64-->[com.google.android.gms:play-services-measurement-api:17.2.0] AndroidManifest.xml:31:17-139
65                android:value="com.google.firebase.components.ComponentRegistrar" />
65-->[com.google.android.gms:play-services-measurement-api:17.2.0] AndroidManifest.xml:32:17-82
66            <meta-data
66-->[com.google.firebase:firebase-iid:19.0.0] AndroidManifest.xml:32:13-34:85
67                android:name="com.google.firebase.components:com.google.firebase.iid.Registrar"
67-->[com.google.firebase:firebase-iid:19.0.0] AndroidManifest.xml:33:17-96
68                android:value="com.google.firebase.components.ComponentRegistrar" />
68-->[com.google.firebase:firebase-iid:19.0.0] AndroidManifest.xml:34:17-82
69            <meta-data
69-->[com.google.firebase:firebase-abt:19.0.0] AndroidManifest.xml:13:13-15:85
70                android:name="com.google.firebase.components:com.google.firebase.abt.component.AbtRegistrar"
70-->[com.google.firebase:firebase-abt:19.0.0] AndroidManifest.xml:14:17-109
71                android:value="com.google.firebase.components.ComponentRegistrar" />
71-->[com.google.firebase:firebase-abt:19.0.0] AndroidManifest.xml:15:17-82
72        </service>
73
74        <activity
74-->[com.google.firebase:firebase-auth:19.0.0] AndroidManifest.xml:24:9-31:50
75            android:name="com.google.firebase.auth.internal.FederatedSignInActivity"
75-->[com.google.firebase:firebase-auth:19.0.0] AndroidManifest.xml:25:13-85
76            android:excludeFromRecents="true"
76-->[com.google.firebase:firebase-auth:19.0.0] AndroidManifest.xml:26:13-46
77            android:exported="true"
77-->[com.google.firebase:firebase-auth:19.0.0] AndroidManifest.xml:27:13-36
78            android:launchMode="singleTask"
78-->[com.google.firebase:firebase-auth:19.0.0] AndroidManifest.xml:28:13-44
79            android:permission="com.google.firebase.auth.api.gms.permission.LAUNCH_FEDERATED_SIGN_IN"
79-->[com.google.firebase:firebase-auth:19.0.0] AndroidManifest.xml:29:13-102
80            android:theme="@android:style/Theme.Translucent.NoTitleBar" />
80-->[com.google.firebase:firebase-auth:19.0.0] AndroidManifest.xml:30:13-72
81
82        <receiver
82-->[com.google.firebase:firebase-iid:19.0.0] AndroidManifest.xml:37:9-44:20
83            android:name="com.google.firebase.iid.FirebaseInstanceIdReceiver"
83-->[com.google.firebase:firebase-iid:19.0.0] AndroidManifest.xml:38:13-78
84            android:exported="true"
84-->[com.google.firebase:firebase-iid:19.0.0] AndroidManifest.xml:39:13-36
85            android:permission="com.google.android.c2dm.permission.SEND" >
85-->[com.google.firebase:firebase-iid:19.0.0] AndroidManifest.xml:40:13-73
86            <intent-filter>
86-->[com.google.firebase:firebase-iid:19.0.0] AndroidManifest.xml:41:13-43:29
87                <action android:name="com.google.android.c2dm.intent.RECEIVE" />
87-->[com.google.firebase:firebase-iid:19.0.0] AndroidManifest.xml:42:17-81
87-->[com.google.firebase:firebase-iid:19.0.0] AndroidManifest.xml:42:25-78
88            </intent-filter>
89        </receiver>
90
91        <activity
91-->[com.google.android.gms:play-services-base:17.1.0] AndroidManifest.xml:23:9-26:75
92            android:name="com.google.android.gms.common.api.GoogleApiActivity"
92-->[com.google.android.gms:play-services-base:17.1.0] AndroidManifest.xml:24:13-79
93            android:exported="false"
93-->[com.google.android.gms:play-services-base:17.1.0] AndroidManifest.xml:25:13-37
94            android:theme="@android:style/Theme.Translucent.NoTitleBar" />
94-->[com.google.android.gms:play-services-base:17.1.0] AndroidManifest.xml:26:13-72
95
96        <provider
96-->[com.google.firebase:firebase-common:19.1.0] AndroidManifest.xml:17:9-21:39
97            android:name="com.google.firebase.provider.FirebaseInitProvider"
97-->[com.google.firebase:firebase-common:19.1.0] AndroidManifest.xml:18:13-77
98            android:authorities="com.example.projectresult.firebaseinitprovider"
98-->[com.google.firebase:firebase-common:19.1.0] AndroidManifest.xml:19:13-72
99            android:exported="false"
99-->[com.google.firebase:firebase-common:19.1.0] AndroidManifest.xml:20:13-37
100            android:initOrder="100" />
100-->[com.google.firebase:firebase-common:19.1.0] AndroidManifest.xml:21:13-36
101
102        <receiver
102-->[com.google.android.gms:play-services-measurement:17.2.0] AndroidManifest.xml:29:9-33:20
103            android:name="com.google.android.gms.measurement.AppMeasurementReceiver"
103-->[com.google.android.gms:play-services-measurement:17.2.0] AndroidManifest.xml:30:13-85
104            android:enabled="true"
104-->[com.google.android.gms:play-services-measurement:17.2.0] AndroidManifest.xml:31:13-35
105            android:exported="false" >
105-->[com.google.android.gms:play-services-measurement:17.2.0] AndroidManifest.xml:32:13-37
106        </receiver>
107        <receiver
107-->[com.google.android.gms:play-services-measurement:17.2.0] AndroidManifest.xml:34:9-42:20
108            android:name="com.google.android.gms.measurement.AppMeasurementInstallReferrerReceiver"
108-->[com.google.android.gms:play-services-measurement:17.2.0] AndroidManifest.xml:35:13-100
109            android:enabled="true"
109-->[com.google.android.gms:play-services-measurement:17.2.0] AndroidManifest.xml:36:13-35
110            android:exported="true"
110-->[com.google.android.gms:play-services-measurement:17.2.0] AndroidManifest.xml:37:13-36
111            android:permission="android.permission.INSTALL_PACKAGES" >
111-->[com.google.android.gms:play-services-measurement:17.2.0] AndroidManifest.xml:38:13-69
112            <intent-filter>
112-->[com.google.android.gms:play-services-measurement:17.2.0] AndroidManifest.xml:39:13-41:29
113                <action android:name="com.android.vending.INSTALL_REFERRER" />
113-->[com.google.android.gms:play-services-measurement:17.2.0] AndroidManifest.xml:40:17-79
113-->[com.google.android.gms:play-services-measurement:17.2.0] AndroidManifest.xml:40:25-76
114            </intent-filter>
115        </receiver>
116
117        <service
117-->[com.google.android.gms:play-services-measurement:17.2.0] AndroidManifest.xml:44:9-47:40
118            android:name="com.google.android.gms.measurement.AppMeasurementService"
118-->[com.google.android.gms:play-services-measurement:17.2.0] AndroidManifest.xml:45:13-84
119            android:enabled="true"
119-->[com.google.android.gms:play-services-measurement:17.2.0] AndroidManifest.xml:46:13-35
120            android:exported="false" />
120-->[com.google.android.gms:play-services-measurement:17.2.0] AndroidManifest.xml:47:13-37
121        <service
121-->[com.google.android.gms:play-services-measurement:17.2.0] AndroidManifest.xml:48:9-52:72
122            android:name="com.google.android.gms.measurement.AppMeasurementJobService"
122-->[com.google.android.gms:play-services-measurement:17.2.0] AndroidManifest.xml:49:13-87
123            android:enabled="true"
123-->[com.google.android.gms:play-services-measurement:17.2.0] AndroidManifest.xml:50:13-35
124            android:exported="false"
124-->[com.google.android.gms:play-services-measurement:17.2.0] AndroidManifest.xml:51:13-37
125            android:permission="android.permission.BIND_JOB_SERVICE" />
125-->[com.google.android.gms:play-services-measurement:17.2.0] AndroidManifest.xml:52:13-69
126
127        <meta-data
127-->[com.google.android.gms:play-services-basement:17.0.0] AndroidManifest.xml:23:9-25:69
128            android:name="com.google.android.gms.version"
128-->[com.google.android.gms:play-services-basement:17.0.0] AndroidManifest.xml:24:13-58
129            android:value="@integer/google_play_services_version" />
129-->[com.google.android.gms:play-services-basement:17.0.0] AndroidManifest.xml:25:13-66
130
131        <provider
131-->[androidx.lifecycle:lifecycle-process:2.1.0] AndroidManifest.xml:23:9-27:43
132            android:name="androidx.lifecycle.ProcessLifecycleOwnerInitializer"
132-->[androidx.lifecycle:lifecycle-process:2.1.0] AndroidManifest.xml:24:13-79
133            android:authorities="com.example.projectresult.lifecycle-process"
133-->[androidx.lifecycle:lifecycle-process:2.1.0] AndroidManifest.xml:25:13-69
134            android:exported="false"
134-->[androidx.lifecycle:lifecycle-process:2.1.0] AndroidManifest.xml:26:13-37
135            android:multiprocess="true" />
135-->[androidx.lifecycle:lifecycle-process:2.1.0] AndroidManifest.xml:27:13-40
136    </application>
137
138</manifest>